========================================================================= 
Log Path: ./log/2025-03-19 16.02.03.log 
Program Path: /Users/brooke.hawkins/Documents/Code/VMS-pipeline/code/pipeline_steps/main_process.Rmd 
Working Directory: /Users/brooke.hawkins/Documents/Code/VMS-pipeline/code/pipeline_steps 
User Name: brooke.hawkins 
R Version: 4.4.1 (2024-06-14) 
Machine: NWCLM04780608 arm64 
Operating System: Darwin 23.6.0 Darwin Kernel Version 23.6.0: Thu Dec 19 20:47:16 PST 2024; root:xnu-10063.141.1.703.2~1/RELEASE_ARM64_T6031 
Base Packages: stats graphics grDevices utils datasets methods base 
Other Packages: logr_1.3.8 common_1.1.3 here_1.0.1 knitr_1.48 
Log Start Time: 2025-03-19 16:02:03.211803 
========================================================================= 

VMS piepeline was initiated with the following parameters: 

output_dir_name processed_2025-03-19 
process_year 2014 
spp_codes DCRB 
gear_codes SHELLFISH POT (CRAB); CRAB OR LOBSTER POT; CRAB POT; CRAB RING 
pacfin_weight_metric LANDED_WEIGHT_LBS 
pacfin_revenue_metric EXVESSEL_REVENUE 
target_cutoff 1.1 
lookback_window 7 
interpolate_flag TRUE 

========================================================================= 
Log End Time: 2025-03-19 16:02:03.214733 
Log Elapsed Time: 0 00:00:00 
========================================================================= 
