========================================================================= 
Log Path: ./log/2025-04-24 11.25.04.log 
Program Path: /Users/blake.feist/Documents/GitHub/VMS-pipeline/code/pipeline_steps/main_process.Rmd 
Working Directory: /Users/blake.feist/Documents/GitHub/VMS-pipeline/code/pipeline_steps 
User Name: blake.feist 
R Version: 4.4.1 (2024-06-14) 
Machine: NWCDM04372090 x86_64 
Operating System: Darwin 23.6.0 Darwin Kernel Version 23.6.0: Thu Mar 6 21:58:03 PST 2025; root:xnu-10063.141.1.704.6~1/RELEASE_X86_64 
Base Packages: stats graphics grDevices utils datasets methods base 
Other Packages: logr_1.3.9 common_1.1.3 here_1.0.1 knitr_1.49 
Log Start Time: 2025-04-24 11:25:04.432116 
========================================================================= 

VMS piepeline was initiated with the following parameters: 

output_dir_name processed_2025-04-24 
process_year 2021 
spp_codes SPRW 
gear_codes PRAWN TRAP; CRAB OR LOBSTER POT 
pacfin_weight_metric LANDED_WEIGHT_LBS 
pacfin_revenue_metric EXVESSEL_REVENUE 
target_cutoff 1.1 
lookback_window 7 
interpolate_flag TRUE 

========================================================================= 
Log End Time: 2025-04-24 11:25:04.44274 
Log Elapsed Time: 0 00:00:00 
========================================================================= 
