=========================================================================
Log Path: ./log/2025-01-21 13.05.24.log
Program Path: C:/Users/Owen.Liu/Documents/github/VMS-pipeline/process
steps/main_process.Rmd
Working Directory: C:/Users/Owen.Liu/Documents/github/VMS-pipeline/process
steps
User Name: Owen.Liu
R Version: 4.3.2 (2023-10-31 ucrt)
Machine: NWCLW04787406 x86-64
Operating System: Windows 10 x64 build 19045
Base Packages: stats graphics grDevices utils datasets methods base
Other Packages: logr_1.3.8 common_1.1.3 here_1.0.1 knitr_1.45
Log Start Time: 2025-01-21 13:05:24.872676
=========================================================================

VMS PIPELINE WAS INITIATED WITH THE FOLLOWING OPTIONS

Process Year: 2014

Species Codes: PSHP

Gear Codes: SINGLE RIGGED SHRIMP TRAWL, DOUBLE RIGGED SHRIMP TRAWL, SHRIMP
TRAWL (SR), SHRIMP TRAWL (DR), GULF SHRIMP TRAWL, BEAM TRAWL

PacFIN Weight Metric: LANDED_WEIGHT_LBS

PacFIN Revenue Metric: EXVESSEL_REVENUE

Target Cutoff: 1

Lookback Window: 7 days

Include Interpolation Step: TRUE

=========================================================================
Log End Time: 2025-01-21 13:05:26.28155
Log Elapsed Time: 0 00:00:01
=========================================================================
