=========================================================================
Log Path: ./log/2025-02-26 09.21.54.log
Program Path:
C:/Users/Owen.Liu/Documents/github/VMS-pipeline/code/pipeline_steps/main_process.Rmd
Working Directory:
C:/Users/Owen.Liu/Documents/github/VMS-pipeline/code/pipeline_steps
User Name: Owen.Liu
R Version: 4.3.2 (2023-10-31 ucrt)
Machine: NWCLW04787406 x86-64
Operating System: Windows 10 x64 build 22631
Base Packages: stats graphics grDevices utils datasets methods base
Other Packages: logr_1.3.8 common_1.1.3 here_1.0.1 knitr_1.45
Log Start Time: 2025-02-26 09:21:54.625648
=========================================================================

VMS PIPELINE WAS INITIATED WITH THE FOLLOWING OPTIONS

Process Year: 2019

Species Codes: DCRB

Gear Codes: SHELLFISH POT (CRAB),CRAB OR LOBSTER POT,CRAB POT,CRAB RING

PacFIN Weight Metric: LANDED_WEIGHT_LBS

PacFIN Revenue Metric: EXVESSEL_REVENUE

Target Cutoff: 1

Lookback Window: 7 days

Include Interpolation Step: TRUE

=========================================================================
Log End Time: 2025-02-26 09:21:54.644673
Log Elapsed Time: 0 00:00:00
=========================================================================
