========================================================================= 
Log Path: ./log/2025-02-20 17.09.12.log 
Program Path: /Users/brooke.hawkins/Documents/Code/VMS-pipeline/code/pipeline_steps/main_process.Rmd 
Working Directory: /Users/brooke.hawkins/Documents/Code/VMS-pipeline/code/pipeline_steps 
User Name: brooke.hawkins 
R Version: 4.4.1 (2024-06-14) 
Machine: NWCLM04780608 arm64 
Operating System: Darwin 23.6.0 Darwin Kernel Version 23.6.0: Thu Dec 19 20:47:16 PST 2024; root:xnu-10063.141.1.703.2~1/RELEASE_ARM64_T6031 
Base Packages: stats graphics grDevices utils datasets methods base 
Other Packages: logr_1.3.8 common_1.1.3 here_1.0.1 knitr_1.48 
Log Start Time: 2025-02-20 17:09:12.747575 
========================================================================= 

VMS PIPELINE WAS INITIATED WITH THE FOLLOWING OPTIONS 

Process Year: 2019 

Species Codes: DCRB 

Gear Codes: SHELLFISH POT (CRAB),CRAB OR LOBSTER POT,CRAB POT,CRAB RING 

PacFIN Weight Metric: LANDED_WEIGHT_LBS 

PacFIN Revenue Metric: EXVESSEL_REVENUE 

Target Cutoff: 1 

Lookback Window: 7 days 

Include Interpolation Step: TRUE 

========================================================================= 
Log End Time: 2025-02-20 17:09:12.75027 
Log Elapsed Time: 0 00:00:00 
========================================================================= 
