========================================================================= 
Log Path: ./log/2025-05-20 15.07.54.log 
Program Path: /Users/brooke.hawkins/Documents/Code/VMS-pipeline/code/pipeline_steps/main_process.Rmd 
Working Directory: /Users/brooke.hawkins/Documents/Code/VMS-pipeline/code/pipeline_steps 
User Name: brooke.hawkins 
R Version: 4.4.1 (2024-06-14) 
Machine: NWCLM04780608 arm64 
Operating System: Darwin 23.6.0 Darwin Kernel Version 23.6.0: Thu Mar 6 22:01:48 PST 2025; root:xnu-10063.141.1.704.6~1/RELEASE_ARM64_T6031 
Base Packages: stats graphics grDevices utils datasets methods base 
Other Packages: logr_1.3.8 common_1.1.3 here_1.0.1 knitr_1.48 
Log Start Time: 2025-05-20 15:07:54.154879 
========================================================================= 

VMS piepeline was initiated with the following parameters: 

output_dir_name processed_2025-05-20 
process_year 2015 
spp_codes SABL 
gear_codes FISH POT; OTHER POT GEAR; ALL POT AND TRAP GEAR 
pacfin_weight_metric LANDED_WEIGHT_LBS 
pacfin_revenue_metric EXVESSEL_REVENUE 
target_cutoff 1.1 
lookback_window 7 
interpolate_flag TRUE 

========================================================================= 
Log End Time: 2025-05-20 15:07:54.157986 
Log Elapsed Time: 0 00:00:00 
========================================================================= 
